{"level":"INFO","message":"[4:23:42.606 PM]: Trying to initialize Easy Logging"}
{"level":"INFO","message":"[4:23:42.612 PM]: No client config file found in default directories"}
{"level":"INFO","message":"[4:23:42.612 PM]: Easy Logging is disabled as no config has been found"}
{"level":"INFO","message":"[7:45:02.229 AM]: Trying to initialize Easy Logging"}
{"level":"INFO","message":"[7:45:02.235 AM]: No client config file found in default directories"}
{"level":"INFO","message":"[7:45:02.235 AM]: Easy Logging is disabled as no config has been found"}
{"level":"INFO","message":"[7:53:03.704 AM]: Trying to initialize Easy Logging"}
{"level":"INFO","message":"[7:53:03.709 AM]: No client config file found in default directories"}
{"level":"INFO","message":"[7:53:03.710 AM]: Easy Logging is disabled as no config has been found"}
{"level":"INFO","message":"[8:12:56.390 AM]: Trying to initialize Easy Logging"}
{"level":"INFO","message":"[8:12:56.395 AM]: No client config file found in default directories"}
{"level":"INFO","message":"[8:12:56.395 AM]: Easy Logging is disabled as no config has been found"}
{"level":"INFO","message":"[8:13:00.837 AM]: Trying to initialize Easy Logging"}
{"level":"INFO","message":"[8:13:00.841 AM]: No client config file found in default directories"}
{"level":"INFO","message":"[8:13:00.841 AM]: Easy Logging is disabled as no config has been found"}
{"level":"INFO","message":"[8:17:28.434 AM]: Trying to initialize Easy Logging"}
{"level":"INFO","message":"[8:17:28.440 AM]: No client config file found in default directories"}
{"level":"INFO","message":"[8:17:28.440 AM]: Easy Logging is disabled as no config has been found"}
{"level":"INFO","message":"[8:20:42.863 AM]: Trying to initialize Easy Logging"}
{"level":"INFO","message":"[8:20:42.868 AM]: No client config file found in default directories"}
{"level":"INFO","message":"[8:20:42.869 AM]: Easy Logging is disabled as no config has been found"}
{"level":"INFO","message":"[8:20:43.929 AM]: Trying to initialize Easy Logging"}
{"level":"INFO","message":"[8:20:43.933 AM]: No client config file found in default directories"}
{"level":"INFO","message":"[8:20:43.934 AM]: Easy Logging is disabled as no config has been found"}
{"level":"INFO","message":"[8:24:06.205 AM]: Trying to initialize Easy Logging"}
{"level":"INFO","message":"[8:24:06.211 AM]: No client config file found in default directories"}
{"level":"INFO","message":"[8:24:06.211 AM]: Easy Logging is disabled as no config has been found"}
{"level":"INFO","message":"[8:33:04.315 AM]: Trying to initialize Easy Logging"}
{"level":"INFO","message":"[8:33:04.321 AM]: No client config file found in default directories"}
{"level":"INFO","message":"[8:33:04.321 AM]: Easy Logging is disabled as no config has been found"}
